{"/home/dragomir/FAC/Week2/Project/CorrectProject/facd-todo/test.js":{"path":"/home/dragomir/FAC/Week2/Project/CorrectProject/facd-todo/test.js","s":{"1":1,"2":1,"3":1,"4":1,"5":5,"6":3,"7":2,"8":2,"9":0,"10":1,"11":1,"12":1,"13":1,"14":1,"15":1,"16":1,"17":1,"18":1,"19":1,"20":1,"21":1,"22":1,"23":1,"24":1,"25":1,"26":1,"27":1,"28":1,"29":1,"30":1,"31":1,"32":1,"33":1},"b":{"1":[3,2],"2":[2,0]},"f":{"1":5,"2":1,"3":1,"4":1,"5":1,"6":1,"7":1,"8":1},"fnMap":{"1":{"name":"(anonymous_1)","line":10,"loc":{"start":{"line":10,"column":16},"end":{"line":10,"column":30}}},"2":{"name":"(anonymous_2)","line":20,"loc":{"start":{"line":20,"column":40},"end":{"line":20,"column":51}}},"3":{"name":"(anonymous_3)","line":32,"loc":{"start":{"line":32,"column":31},"end":{"line":32,"column":43}}},"4":{"name":"(anonymous_4)","line":37,"loc":{"start":{"line":37,"column":53},"end":{"line":37,"column":65}}},"5":{"name":"(anonymous_5)","line":42,"loc":{"start":{"line":42,"column":78},"end":{"line":42,"column":90}}},"6":{"name":"(anonymous_6)","line":48,"loc":{"start":{"line":48,"column":45},"end":{"line":48,"column":57}}},"7":{"name":"(anonymous_7)","line":55,"loc":{"start":{"line":55,"column":76},"end":{"line":55,"column":88}}},"8":{"name":"(anonymous_8)","line":63,"loc":{"start":{"line":63,"column":64},"end":{"line":63,"column":76}}}},"statementMap":{"1":{"start":{"line":1,"column":0},"end":{"line":1,"column":27}},"2":{"start":{"line":2,"column":0},"end":{"line":2,"column":38}},"3":{"start":{"line":4,"column":0},"end":{"line":8,"column":1}},"4":{"start":{"line":10,"column":0},"end":{"line":18,"column":1}},"5":{"start":{"line":11,"column":2},"end":{"line":13,"column":3}},"6":{"start":{"line":12,"column":4},"end":{"line":12,"column":14}},"7":{"start":{"line":14,"column":2},"end":{"line":16,"column":1}},"8":{"start":{"line":15,"column":4},"end":{"line":15,"column":13}},"9":{"start":{"line":17,"column":4},"end":{"line":17,"column":13}},"10":{"start":{"line":20,"column":0},"end":{"line":30,"column":3}},"11":{"start":{"line":21,"column":4},"end":{"line":21,"column":85}},"12":{"start":{"line":22,"column":4},"end":{"line":27,"column":5}},"13":{"start":{"line":28,"column":4},"end":{"line":28,"column":88}},"14":{"start":{"line":29,"column":4},"end":{"line":29,"column":12}},"15":{"start":{"line":32,"column":0},"end":{"line":35,"column":3}},"16":{"start":{"line":33,"column":2},"end":{"line":33,"column":40}},"17":{"start":{"line":34,"column":2},"end":{"line":34,"column":10}},"18":{"start":{"line":37,"column":0},"end":{"line":40,"column":3}},"19":{"start":{"line":38,"column":2},"end":{"line":38,"column":171}},"20":{"start":{"line":39,"column":2},"end":{"line":39,"column":10}},"21":{"start":{"line":42,"column":0},"end":{"line":46,"column":3}},"22":{"start":{"line":43,"column":4},"end":{"line":43,"column":89}},"23":{"start":{"line":44,"column":4},"end":{"line":44,"column":12}},"24":{"start":{"line":48,"column":0},"end":{"line":53,"column":3}},"25":{"start":{"line":49,"column":2},"end":{"line":51,"column":133}},"26":{"start":{"line":52,"column":2},"end":{"line":52,"column":10}},"27":{"start":{"line":55,"column":0},"end":{"line":59,"column":3}},"28":{"start":{"line":56,"column":4},"end":{"line":56,"column":87}},"29":{"start":{"line":57,"column":4},"end":{"line":57,"column":12}},"30":{"start":{"line":63,"column":0},"end":{"line":80,"column":2}},"31":{"start":{"line":64,"column":2},"end":{"line":68,"column":54}},"32":{"start":{"line":69,"column":2},"end":{"line":78,"column":54}},"33":{"start":{"line":79,"column":2},"end":{"line":79,"column":10}}},"branchMap":{"1":{"line":11,"type":"if","locations":[{"start":{"line":11,"column":2},"end":{"line":11,"column":2}},{"start":{"line":11,"column":2},"end":{"line":11,"column":2}}]},"2":{"line":14,"type":"if","locations":[{"start":{"line":14,"column":2},"end":{"line":14,"column":2}},{"start":{"line":14,"column":2},"end":{"line":14,"column":2}}]}}},"/home/dragomir/FAC/Week2/Project/CorrectProject/facd-todo/logic.js":{"path":"/home/dragomir/FAC/Week2/Project/CorrectProject/facd-todo/logic.js","s":{"1":1,"2":1,"3":1,"4":1,"5":1,"6":5,"7":15,"8":1,"9":1,"10":1,"11":1,"12":1,"13":1,"14":2,"15":2,"16":6,"17":2,"18":2,"19":6,"20":2,"21":2,"22":4,"23":2,"24":2,"25":1,"26":1},"b":{"1":[2,4],"2":[1,0]},"f":{"1":1,"2":1,"3":5,"4":15,"5":1,"6":2,"7":6,"8":2,"9":6,"10":2},"fnMap":{"1":{"name":"(anonymous_1)","line":8,"loc":{"start":{"line":8,"column":15},"end":{"line":8,"column":26}}},"2":{"name":"incrementCounter","line":11,"loc":{"start":{"line":11,"column":4},"end":{"line":11,"column":32}}},"3":{"name":"(anonymous_3)","line":20,"loc":{"start":{"line":20,"column":23},"end":{"line":20,"column":39}}},"4":{"name":"(anonymous_4)","line":21,"loc":{"start":{"line":21,"column":21},"end":{"line":21,"column":35}}},"5":{"name":"(anonymous_5)","line":26,"loc":{"start":{"line":26,"column":11},"end":{"line":26,"column":35}}},"6":{"name":"(anonymous_6)","line":39,"loc":{"start":{"line":39,"column":14},"end":{"line":39,"column":42}}},"7":{"name":"(anonymous_7)","line":41,"loc":{"start":{"line":41,"column":27},"end":{"line":41,"column":41}}},"8":{"name":"(anonymous_8)","line":52,"loc":{"start":{"line":52,"column":12},"end":{"line":52,"column":38}}},"9":{"name":"(anonymous_9)","line":54,"loc":{"start":{"line":54,"column":24},"end":{"line":54,"column":38}}},"10":{"name":"(anonymous_10)","line":71,"loc":{"start":{"line":71,"column":13},"end":{"line":71,"column":43}}}},"statementMap":{"1":{"start":{"line":5,"column":0},"end":{"line":82,"column":2}},"2":{"start":{"line":9,"column":4},"end":{"line":9,"column":22}},"3":{"start":{"line":11,"column":4},"end":{"line":13,"column":5}},"4":{"start":{"line":12,"column":6},"end":{"line":12,"column":30}},"5":{"start":{"line":15,"column":4},"end":{"line":15,"column":28}},"6":{"start":{"line":21,"column":4},"end":{"line":23,"column":7}},"7":{"start":{"line":22,"column":6},"end":{"line":22,"column":46}},"8":{"start":{"line":27,"column":4},"end":{"line":27,"column":57}},"9":{"start":{"line":28,"column":4},"end":{"line":28,"column":31}},"10":{"start":{"line":29,"column":4},"end":{"line":29,"column":20}},"11":{"start":{"line":30,"column":4},"end":{"line":30,"column":25}},"12":{"start":{"line":31,"column":4},"end":{"line":31,"column":33}},"13":{"start":{"line":32,"column":4},"end":{"line":32,"column":26}},"14":{"start":{"line":40,"column":4},"end":{"line":40,"column":51}},"15":{"start":{"line":41,"column":4},"end":{"line":43,"column":7}},"16":{"start":{"line":42,"column":6},"end":{"line":42,"column":34}},"17":{"start":{"line":53,"column":4},"end":{"line":53,"column":51}},"18":{"start":{"line":54,"column":4},"end":{"line":61,"column":7}},"19":{"start":{"line":55,"column":6},"end":{"line":60,"column":7}},"20":{"start":{"line":56,"column":8},"end":{"line":56,"column":31}},"21":{"start":{"line":57,"column":8},"end":{"line":57,"column":20}},"22":{"start":{"line":59,"column":8},"end":{"line":59,"column":20}},"23":{"start":{"line":73,"column":4},"end":{"line":73,"column":53}},"24":{"start":{"line":74,"column":4},"end":{"line":74,"column":20}},"25":{"start":{"line":89,"column":0},"end":{"line":91,"column":1}},"26":{"start":{"line":90,"column":2},"end":{"line":90,"column":33}}},"branchMap":{"1":{"line":55,"type":"if","locations":[{"start":{"line":55,"column":6},"end":{"line":55,"column":6}},{"start":{"line":55,"column":6},"end":{"line":55,"column":6}}]},"2":{"line":89,"type":"if","locations":[{"start":{"line":89,"column":0},"end":{"line":89,"column":0}},{"start":{"line":89,"column":0},"end":{"line":89,"column":0}}]}}}}