TN:
SF:/home/dragomir/FAC/Week2/Project/CorrectProject/facd-todo/test.js
FN:10,(anonymous_1)
FN:20,(anonymous_2)
FN:32,(anonymous_3)
FN:37,(anonymous_4)
FN:42,(anonymous_5)
FN:48,(anonymous_6)
FN:55,(anonymous_7)
FN:63,(anonymous_8)
FNF:8
FNH:8
FNDA:5,(anonymous_1)
FNDA:1,(anonymous_2)
FNDA:1,(anonymous_3)
FNDA:1,(anonymous_4)
FNDA:1,(anonymous_5)
FNDA:1,(anonymous_6)
FNDA:1,(anonymous_7)
FNDA:1,(anonymous_8)
DA:1,1
DA:2,1
DA:4,1
DA:10,1
DA:11,5
DA:12,3
DA:14,2
DA:15,2
DA:17,0
DA:20,1
DA:21,1
DA:22,1
DA:28,1
DA:29,1
DA:32,1
DA:33,1
DA:34,1
DA:37,1
DA:38,1
DA:39,1
DA:42,1
DA:43,1
DA:44,1
DA:48,1
DA:49,1
DA:52,1
DA:55,1
DA:56,1
DA:57,1
DA:63,1
DA:64,1
DA:69,1
DA:79,1
LF:33
LH:32
BRDA:11,1,0,3
BRDA:11,1,1,2
BRDA:14,2,0,2
BRDA:14,2,1,0
BRF:4
BRH:3
end_of_record
TN:
SF:/home/dragomir/FAC/Week2/Project/CorrectProject/facd-todo/logic.js
FN:8,(anonymous_1)
FN:11,incrementCounter
FN:20,(anonymous_3)
FN:21,(anonymous_4)
FN:26,(anonymous_5)
FN:39,(anonymous_6)
FN:41,(anonymous_7)
FN:52,(anonymous_8)
FN:54,(anonymous_9)
FN:71,(anonymous_10)
FNF:10
FNH:10
FNDA:1,(anonymous_1)
FNDA:1,incrementCounter
FNDA:5,(anonymous_3)
FNDA:15,(anonymous_4)
FNDA:1,(anonymous_5)
FNDA:2,(anonymous_6)
FNDA:6,(anonymous_7)
FNDA:2,(anonymous_8)
FNDA:6,(anonymous_9)
FNDA:2,(anonymous_10)
DA:5,1
DA:9,1
DA:11,1
DA:12,1
DA:15,1
DA:21,5
DA:22,15
DA:27,1
DA:28,1
DA:29,1
DA:30,1
DA:31,1
DA:32,1
DA:40,2
DA:41,2
DA:42,6
DA:53,2
DA:54,2
DA:55,6
DA:56,2
DA:57,2
DA:59,4
DA:73,2
DA:74,2
DA:89,1
DA:90,1
LF:26
LH:26
BRDA:55,1,0,2
BRDA:55,1,1,4
BRDA:89,2,0,1
BRDA:89,2,1,0
BRF:4
BRH:3
end_of_record
